<?xml version="1.0" encoding="UTF-8"?>
<!-- Generated by org.testng.reporters.JUnitXMLReporter -->
<testsuite hostname="SadguruSF" ignored="0" name="HomePageTest" tests="3" failures="0" timestamp="05 Jan 2019 16:47:18 GMT" time="160.178" errors="0">
  <testcase name="basePageNavigation" time="61.87" classname="academy.HomePageTest"/>
  <testcase name="basePageNavigation" time="51.204" classname="academy.HomePageTest"/>
  <testcase name="basePageNavigation" time="45.847" classname="academy.HomePageTest"/>
</testsuite> <!-- HomePageTest -->
