<?xml version="1.0" encoding="UTF-8"?>
<!-- Generated by org.testng.reporters.JUnitXMLReporter -->
<testsuite hostname="SadguruSF" ignored="0" name="Test" tests="5" failures="0" timestamp="02 Jan 2019 07:08:09 GMT" time="197.382" errors="0">
  <testcase name="basePageNavigation" time="0.223" classname="academy.ValidateTitleTest"/>
  <testcase name="basePageNavigation" time="40.459" classname="academy.HomePageTest"/>
  <testcase name="basePageNavigation" time="63.848" classname="academy.HomePageTest"/>
  <testcase name="basePageNavigation" time="44.169" classname="academy.HomePageTest"/>
  <testcase name="navigationBar" time="0.209" classname="academy.ValidateNavigationBarTest"/>
</testsuite> <!-- Test -->
