<?xml version="1.0" encoding="UTF-8"?>
<!-- Generated by org.testng.reporters.JUnitXMLReporter -->
<testsuite hostname="SadguruSF" ignored="0" name="Validate TitleTest" tests="1" failures="1" timestamp="05 Jan 2019 16:47:47 GMT" time="29.412" errors="0">
  <testcase name="basePageNavigation" time="0.966" classname="academy.ValidateTitleTest">
    <failure type="java.lang.AssertionError" message="expected [FEA COURSES] but found [FEATURED COURSES]">
      <![CDATA[java.lang.AssertionError: expected [FEA COURSES] but found [FEATURED COURSES]
at academy.ValidateTitleTest.basePageNavigation(ValidateTitleTest.java:56)
... Removed 31 stack frames]]>
    </failure>
  </testcase> <!-- basePageNavigation -->
</testsuite> <!-- Validate TitleTest -->
