<?xml version="1.0" encoding="UTF-8"?>
<!-- Generated by org.testng.reporters.JUnitXMLReporter -->
<testsuite hostname="SadguruSF" ignored="0" name="HomePageTest" tests="3" failures="0" timestamp="06 Jan 2019 03:23:59 GMT" time="145.199" errors="0">
  <testcase name="basePageNavigLogin" time="47.697" classname="academy.HomePageTest"/>
  <testcase name="basePageNavigLogin" time="51.107" classname="academy.HomePageTest"/>
  <testcase name="basePageNavigLogin" time="46.114" classname="academy.HomePageTest"/>
</testsuite> <!-- HomePageTest -->
