<?xml version="1.0" encoding="UTF-8"?>
<testsuite xmlns:xsi="http://www.w3.org/2001/XMLSchema-instance" xsi:noNamespaceSchemaLocation="https://maven.apache.org/surefire/maven-surefire-plugin/xsd/surefire-test-report-3.0.xsd" version="3.0" name="TestSuite" time="204.647" tests="5" errors="0" skipped="0" failures="0">
  <properties>
[...]
</properties>
  <testcase name="basePageNavigLogin" classname="academy.HomePageTest" time="47.699"/>
  <testcase name="basePageNavigLogin" classname="academy.HomePageTest" time="51.104"/>
  <testcase name="basePageNavigLogin" classname="academy.HomePageTest" time="46.114"/>
  <testcase name="basePageNavigation" classname="academy.ValidateTitleTest" time="0.239"/>
  <testcase name="navigationBar" classname="academy.ValidateNavigationBarTest" time="0.165"/>
</testsuite>